<?xml version="1.0" encoding="UTF-8"?>
<!-- Generated by org.testng.reporters.JUnitReportReporter -->
<testsuite hostname="Shishirs-MBP" failures="0" tests="6" name="SauceLabTestCases" time="24.958" errors="0" timestamp="2023-11-16T01:12:29 GMT-05:00" skipped="2">
  <testcase classname="SauceLabTestCases" name="a" time="4.505"/>
  <testcase classname="SauceLabTestCases" name="validCredentials" time="6.905"/>
  <testcase classname="SauceLabTestCases" name="validCredentials" time="6.228"/>
  <testcase classname="SauceLabTestCases" name="validCredentials" time="7.320"/>
  <testcase classname="SauceLabTestCases" name="c">
    <skipped/>
  </testcase> <!-- c -->
  <testcase classname="SauceLabTestCases" name="b">
    <skipped/>
  </testcase> <!-- b -->
</testsuite> <!-- SauceLabTestCases -->
