<?xml version="1.0" encoding="UTF-8"?>
<!-- Generated by org.testng.reporters.JUnitReportReporter -->
<testsuite hostname="Shishirs-MBP" failures="0" tests="5" name="Tests.SauceLabTestCases" time="20.392" errors="0" timestamp="2023-11-16T11:32:42 GMT-05:00" skipped="2">
  <testcase classname="Tests.SauceLabTestCases" name="validCredentials" time="6.403"/>
  <testcase classname="Tests.SauceLabTestCases" name="validCredentials" time="7.864"/>
  <testcase classname="Tests.SauceLabTestCases" name="validCredentials" time="6.125"/>
  <testcase classname="Tests.SauceLabTestCases" name="b">
    <skipped/>
  </testcase> <!-- b -->
  <testcase classname="Tests.SauceLabTestCases" name="c">
    <skipped/>
  </testcase> <!-- c -->
</testsuite> <!-- Tests.SauceLabTestCases -->
