<?xml version="1.0" encoding="UTF-8"?>
<!-- Generated by org.testng.reporters.JUnitReportReporter -->
<testsuite hostname="Shishirs-MBP" failures="0" tests="6" name="Tests.SauceLabTestCases2" time="23.669" errors="0" timestamp="2023-11-16T11:28:37 GMT-05:00" skipped="2">
  <testcase classname="Tests.SauceLabTestCases2" name="a" time="4.468"/>
  <testcase classname="Tests.SauceLabTestCases2" name="validCredentials" time="6.252"/>
  <testcase classname="Tests.SauceLabTestCases2" name="validCredentials" time="6.258"/>
  <testcase classname="Tests.SauceLabTestCases2" name="validCredentials" time="6.691"/>
  <testcase classname="Tests.SauceLabTestCases2" name="c">
    <skipped/>
  </testcase> <!-- c -->
  <testcase classname="Tests.SauceLabTestCases2" name="b">
    <skipped/>
  </testcase> <!-- b -->
</testsuite> <!-- Tests.SauceLabTestCases2 -->
