<?xml version="1.0" encoding="UTF-8"?>
<!-- Generated by org.testng.reporters.JUnitReportReporter -->
<testsuite hostname="Shishirs-MBP" failures="0" tests="5" name="SauceLabTestCases2" time="20.180" errors="0" timestamp="2023-11-16T11:07:23 GMT-05:00" skipped="2">
  <testcase classname="SauceLabTestCases2" name="validCredentials" time="7.463"/>
  <testcase classname="SauceLabTestCases2" name="validCredentials" time="6.332"/>
  <testcase classname="SauceLabTestCases2" name="validCredentials" time="6.385"/>
  <testcase classname="SauceLabTestCases2" name="b">
    <skipped/>
  </testcase> <!-- b -->
  <testcase classname="SauceLabTestCases2" name="c">
    <skipped/>
  </testcase> <!-- c -->
</testsuite> <!-- SauceLabTestCases2 -->
